============================================================
  Generated by:           Genus(TM) Synthesis Solution 21.15-s080_1
  Generated on:           Nov 22 2025  02:36:18 pm
  Module:                 top_pad
  Operating conditions:   PVT_1P8V_25C 
  Interconnect mode:      global
  Area mode:              timing library
============================================================

Timing
--------

Clock Period 
-------------
clk   1000.0 


  Cost    Critical         Violating 
 Group   Path Slack  TNS     Paths   
-------------------------------------
C2C        No paths   0.0            
C2O        No paths   0.0            
clk        No paths   0.0            
default    No paths   0.0            
I2C        No paths   0.0            
I2O        No paths   0.0            
-------------------------------------
Total                 0.0          0 

Instance Count
--------------
Leaf Instance Count             438 
Physical Instance count           0 
Sequential Instance Count       205 
Combinational Instance Count    233 
Hierarchical Instance Count       9 

Area
----
Cell Area                          24569.212
Physical Cell Area                 0.000
Total Cell Area (Cell+Physical)    24569.212
Net Area                           4768.350
Total Area (Cell+Physical+Net)     29337.562

Runtime                            0.0 seconds
Elapsed Runtime                    14 seconds
Genus peak memory usage            1572.15 
Innovus peak memory usage          no_value 
Hostname                           lab1-30.eng.utah.edu
