

Working Directory = /home/u1419358/des-project/genus
QoS Summary for TopModule
==========================================================================================
Metric                          generic         map             syn_opt         final          
==========================================================================================
Slack (ps):                    -5,310          -4,379          -4,083          -4,083
  R2R (ps):                    -5,310          -4,379          -4,083          -4,083
  I2R (ps):                  no_value        no_value        no_value        no_value
  R2O (ps):                  no_value        no_value        no_value        no_value
  I2O (ps):                  no_value        no_value        no_value        no_value
  CG  (ps):                  no_value        no_value        no_value        no_value
TNS (ps):                    -463,177        -425,758        -395,809        -395,809
  R2R (ps):                  -463,177        -425,758        -395,809        -395,809
  I2R (ps):                  no_value        no_value        no_value        no_value
  R2O (ps):                  no_value        no_value        no_value        no_value
  I2O (ps):                  no_value        no_value        no_value        no_value
  CG  (ps):                  no_value        no_value        no_value        no_value
Failing Paths:                    331             331             331             331
Cell Area:                    150,015         164,639         170,319         170,319
Total Cell Area:              150,015         164,639         170,319         170,319
Leaf Instances:                 5,333           4,928           5,128           5,128
Total Instances:                5,333           4,928           5,128           5,128
Utilization (%):                 0.00            0.00            0.00            0.00
Tot. Net Length (um):        no_value        no_value        no_value        no_value
Avg. Net Length (um):        no_value        no_value        no_value        no_value
Route Overflow H (%):        no_value        no_value        no_value        no_value
Route Overflow V (%):        no_value        no_value        no_value        no_value
MBCI(%) (bits/gate) :            0.00            0.00            0.00            0.00
Norm Cong Hotspot Area:
  Max Cong:                  no_value        no_value        no_value        no_value
  Tot Cong:                  no_value        no_value        no_value        no_value
==========================================================================================
CPU  Runtime (h:m:s):        00:01:32        00:00:57        00:02:25        00:00:01
Real Runtime (h:m:s):        00:01:30        00:00:50        00:02:26        00:00:01
CPU  Elapsed (h:m:s):        00:01:36        00:02:32        00:04:57        00:04:58
Real Elapsed (h:m:s):        00:01:32        00:02:22        00:04:48        00:04:49
Memory (MB):                  1638.44         1640.34         1640.16         1642.17
==========================================================================================
==========================================================================================
Flow Settings:
==========================================================================================
Total Runtime (h:m:s): 00:04:48
Total Memory (MB):     1642.17
Executable Version:    21.15-s080_1
==========================================================================================
Total Cell Area =  Cell Area + Physical Cell Area
Total Instances =  Leaf Instances + Physical Instances


