============================================================
  Generated by:           Genus(TM) Synthesis Solution 21.15-s080_1
  Generated on:           Nov 04 2025  03:45:18 pm
  Module:                 TopModule
  Operating conditions:   PVT_1P62V_125C 
  Interconnect mode:      global
  Area mode:              timing library
============================================================

Timing
--------

Clock Period 
-------------
clk   1000.0 


  Cost    Critical               Violating 
 Group   Path Slack     TNS        Paths   
-------------------------------------------
C2C         -5309.5   -463176.7        331 
C2O        No paths         0.0            
clk        No paths         0.0            
default    No paths         0.0            
I2C        No paths         0.0            
I2O        No paths         0.0            
-------------------------------------------
Total                 -463176.7        331 

Instance Count
--------------
Leaf Instance Count             5333 
Physical Instance count            0 
Sequential Instance Count        596 
Combinational Instance Count    4737 
Hierarchical Instance Count        0 

Area
----
Cell Area                          150009.328
Physical Cell Area                 0.000
Total Cell Area (Cell+Physical)    150009.328
Net Area                           6.085
Total Area (Cell+Physical+Net)     150015.413

Runtime                            0.0 seconds
Elapsed Runtime                    95 seconds
Genus peak memory usage            1640.44 
Innovus peak memory usage          no_value 
Hostname                           lab1-20.eng.utah.edu
