============================================================
  Generated by:           Genus(TM) Synthesis Solution 21.15-s080_1
  Generated on:           Nov 04 2025  03:46:08 pm
  Module:                 TopModule
  Operating conditions:   PVT_1P62V_125C 
  Interconnect mode:      global
  Area mode:              timing library
============================================================

                                  Leakage  
  Gate    Instances     Area    Power (nW)       Library       
---------------------------------------------------------------
AND2X1          346    5140.453     90.033    sclib_tsmc180_ss 
BUFX1            20     253.232      4.793    sclib_tsmc180_ss 
DFFQSRX1        596   58875.262   1140.084    sclib_tsmc180_ss 
INVX1             5      41.356      0.534    sclib_tsmc180_ss 
INVX16           28     784.784     39.527    sclib_tsmc180_ss 
INVX2           377    3118.242     74.459    sclib_tsmc180_ss 
INVX32            9     449.820     26.963    sclib_tsmc180_ss 
INVX4           185    1936.284     61.618    sclib_tsmc180_ss 
INVX8            82    1398.264     57.620    sclib_tsmc180_ss 
MUX2X1          556   12205.312    341.014    sclib_tsmc180_ss 
NAND2X1        1760   22284.416    314.807    sclib_tsmc180_ss 
NAND3X1         447    7622.244     89.873    sclib_tsmc180_ss 
NOR2X1          428    5419.165     88.996    sclib_tsmc180_ss 
OR2X1            75    1114.260     25.993    sclib_tsmc180_ss 
XOR2X1           14     337.960     12.142    sclib_tsmc180_ss 
---------------------------------------------------------------
total          4928  120981.054   2368.455                     


                                             Leakage  Leakage 
     Type      Instances    Area    Area % Power (nW) Power % 
--------------------------------------------------------------
sequential           596  58875.262   48.7   1140.084    48.1 
inverter             686   7728.750    6.4    260.720    11.0 
buffer                20    253.232    0.2      4.793     0.2 
logic               3626  54123.810   44.7    962.859    40.7 
physical_cells         0      0.000    0.0      0.000     0.0 
--------------------------------------------------------------
total               4928 120981.054  100.0   2368.455   100.0 

