============================================================
  Generated by:           Genus(TM) Synthesis Solution 21.15-s080_1
  Generated on:           Nov 04 2025  03:48:33 pm
  Module:                 TopModule
  Operating conditions:   PVT_1P62V_125C 
  Interconnect mode:      global
  Area mode:              timing library
============================================================

Timing
--------

Clock Period 
-------------
clk   1000.0 


  Cost    Critical               Violating 
 Group   Path Slack     TNS        Paths   
-------------------------------------------
C2C         -4082.6   -395809.1        331 
C2O        No paths         0.0            
clk        No paths         0.0            
default    No paths         0.0            
I2C        No paths         0.0            
I2O        No paths         0.0            
-------------------------------------------
Total                 -395809.1        331 

Instance Count
--------------
Leaf Instance Count             5128 
Physical Instance count            0 
Sequential Instance Count        596 
Combinational Instance Count    4532 
Hierarchical Instance Count        0 

Area
----
Cell Area                          124856.739
Physical Cell Area                 0.000
Total Cell Area (Cell+Physical)    124856.739
Net Area                           45462.139
Total Area (Cell+Physical+Net)     170318.878

Runtime                            0.0 seconds
Elapsed Runtime                    290 seconds
Genus peak memory usage            1642.17 
Innovus peak memory usage          no_value 
Hostname                           lab1-20.eng.utah.edu
