============================================================
  Generated by:           Genus(TM) Synthesis Solution 21.15-s080_1
  Generated on:           Nov 04 2025  03:48:34 pm
  Module:                 TopModule
  Operating conditions:   PVT_1P62V_125C 
  Interconnect mode:      global
  Area mode:              timing library
============================================================

                                  Leakage  
  Gate    Instances     Area    Power (nW)       Library       
---------------------------------------------------------------
AND2X1          365    5422.732     94.717    sclib_tsmc180_ss 
BUFX1            75     949.620     17.974    sclib_tsmc180_ss 
DFFQSRX1        596   58875.262   1140.218    sclib_tsmc180_ss 
INVX1            11      90.983      1.547    sclib_tsmc180_ss 
INVX16           35     980.980     50.716    sclib_tsmc180_ss 
INVX2           257    2125.698     51.083    sclib_tsmc180_ss 
INVX32           16     799.680     46.675    sclib_tsmc180_ss 
INVX4           268    2804.995     91.348    sclib_tsmc180_ss 
INVX8           112    1909.824     78.120    sclib_tsmc180_ss 
MUX2X1          550   12073.600    337.397    sclib_tsmc180_ss 
NAND2X1        1781   22550.310    318.890    sclib_tsmc180_ss 
NAND3X1         511    8713.572    102.404    sclib_tsmc180_ss 
NOR2X1          425    5381.180     89.572    sclib_tsmc180_ss 
OR2X1            93    1381.682     31.997    sclib_tsmc180_ss 
XOR2X1           33     796.620     29.003    sclib_tsmc180_ss 
---------------------------------------------------------------
total          5128  124856.739   2481.663                     


                                             Leakage  Leakage 
     Type      Instances    Area    Area % Power (nW) Power % 
--------------------------------------------------------------
sequential           596  58875.262   47.2   1140.218    45.9 
inverter             699   8712.161    7.0    319.489    12.9 
buffer                75    949.620    0.8     17.974     0.7 
logic               3758  56319.696   45.1   1003.981    40.5 
physical_cells         0      0.000    0.0      0.000     0.0 
--------------------------------------------------------------
total               5128 124856.739  100.0   2481.663   100.0 

