============================================================
  Generated by:           Genus(TM) Synthesis Solution 21.15-s080_1
  Generated on:           Nov 04 2025  03:46:08 pm
  Module:                 TopModule
  Operating conditions:   PVT_1P62V_125C 
  Interconnect mode:      global
  Area mode:              timing library
============================================================


Path 1: VIOLATED (-4379 ps) Setup Check with Pin csm_inst_right_reg_reg[18]/CLK->D
          Group: C2C
     Startpoint: (R) csm_inst_round_counter_reg[3]/CLK
          Clock: (R) clk
       Endpoint: (F) csm_inst_right_reg_reg[18]/D
          Clock: (R) clk

                     Capture       Launch     
        Clock Edge:+    1000            0     
       Src Latency:+       0            0     
       Net Latency:+       0 (I)        0 (I) 
           Arrival:=    1000            0     
                                              
             Setup:-     363                  
     Required Time:=     637                  
      Launch Clock:-       0                  
         Data Path:-    5016                  
             Slack:=   -4379                  

#------------------------------------------------------------------------------------------------------------
#           Timing Point            Flags    Arc   Edge   Cell     Fanout  Load Trans Delay Arrival Instance 
#                                                                          (fF)  (ps)  (ps)   (ps)  Location 
#------------------------------------------------------------------------------------------------------------
  csm_inst_round_counter_reg[3]/CLK -       -      R     (arrival)    335     -     0     0       0    (-,-) 
  csm_inst_round_counter_reg[3]/Q   -       CLK->Q R     DFFQSRX1       1  10.0   243   336     336    (-,-) 
  g144012/Z                         -       A->Z   F     INVX4          1  24.4   156   150     486    (-,-) 
  g144011/Z                         -       A->Z   R     INVX16         5  67.9   116   110     596    (-,-) 
  g143976/Z                         -       A->Z   F     INVX32         7 114.7    88    86     682    (-,-) 
  g144009/Z                         -       A->Z   R     INVX16        12  71.8   105    93     775    (-,-) 
  g144005/Z                         -       A->Z   F     INVX16        10  53.6    82    81     856    (-,-) 
  g143624/Z                         -       A->Z   R     NAND2X1        1  10.0   282   182    1038    (-,-) 
  g143426/Z                         -       A->Z   F     INVX4          4  22.5   159   152    1190    (-,-) 
  g143425/Z                         -       A->Z   R     INVX4          2  14.6   112   108    1298    (-,-) 
  g143424/Z                         -       A->Z   F     INVX4          3  15.1    92    90    1388    (-,-) 
  g142829/Z                         -       A->Z   R     NAND2X1        1   6.8   235   146    1534    (-,-) 
  g141964/Z                         -       A->Z   R     AND2X1         1   6.8   174   198    1733    (-,-) 
  g141642/Z                         -       A->Z   F     NAND2X1        2  11.0   205   169    1902    (-,-) 
  g140929/Z                         -       A->Z   R     NAND2X1        1   7.2   271   189    2091    (-,-) 
  g140890/Z                         -       A->Z   F     NAND3X1        1   6.8   175   148    2238    (-,-) 
  g140635/Z                         -       A->Z   R     NAND2X1        1   7.1   232   178    2416    (-,-) 
  g140388/Z                         -       B->Z   F     NAND3X1        1   8.3   186   166    2582    (-,-) 
  g139958/Z                         -       S->Z   R     MUX2X1         1  10.0   247   335    2917    (-,-) 
  g139855/Z                         -       A->Z   F     INVX4          3  24.6   158   152    3069    (-,-) 
  g139534/Z                         -       A->Z   R     NAND2X1        1  10.0   279   208    3277    (-,-) 
  g139425/Z                         -       A->Z   F     INVX4          7  32.7   196   186    3462    (-,-) 
  g144114/Z                         -       A->Z   F     OR2X1          4  20.2   318   342    3805    (-,-) 
  g139276/Z                         -       A->Z   R     INVX2          1   6.8   146   143    3948    (-,-) 
  g139061__4733/Z                   -       A->Z   F     NAND2X1        1   6.8   150   124    4071    (-,-) 
  g138918__9315/Z                   -       A->Z   R     NAND2X1        1   6.8   212   166    4237    (-,-) 
  g138822__7098/Z                   -       A->Z   F     NAND2X1        2  11.7   219   184    4421    (-,-) 
  g138631__5122/Z                   -       B->Z   R     NAND3X1        1   7.2   280   238    4660    (-,-) 
  g138563__6260/Z                   -       B->Z   R     OR2X1          1   7.2   183   227    4887    (-,-) 
  g138512__1617/Z                   -       A->Z   F     NAND3X1        1   6.4   157   129    5016    (-,-) 
  csm_inst_right_reg_reg[18]/D      -       -      F     DFFQSRX1       1     -     -     0    5016    (-,-) 
#------------------------------------------------------------------------------------------------------------

