============================================================
  Generated by:           Genus(TM) Synthesis Solution 21.15-s080_1
  Generated on:           Nov 04 2025  03:48:34 pm
  Module:                 TopModule
  Operating conditions:   PVT_1P62V_125C 
  Interconnect mode:      global
  Area mode:              timing library
============================================================


Path 1: VIOLATED (-4083 ps) Setup Check with Pin csm_inst_right_reg_reg[3]/CLK->D
          Group: C2C
     Startpoint: (R) csm_inst_round_counter_reg[3]/CLK
          Clock: (R) clk
       Endpoint: (F) csm_inst_right_reg_reg[3]/D
          Clock: (R) clk

                     Capture       Launch     
        Clock Edge:+    1000            0     
       Src Latency:+       0            0     
       Net Latency:+       0 (I)        0 (I) 
           Arrival:=    1000            0     
                                              
             Setup:-     365                  
     Required Time:=     635                  
      Launch Clock:-       0                  
         Data Path:-    4718                  
             Slack:=   -4083                  

#------------------------------------------------------------------------------------------------------------
#           Timing Point            Flags    Arc   Edge   Cell     Fanout  Load Trans Delay Arrival Instance 
#                                                                          (fF)  (ps)  (ps)   (ps)  Location 
#------------------------------------------------------------------------------------------------------------
  csm_inst_round_counter_reg[3]/CLK -       -      R     (arrival)    335     -     0     0       0    (-,-) 
  csm_inst_round_counter_reg[3]/Q   -       CLK->Q R     DFFQSRX1       1  10.0   243   336     336    (-,-) 
  fopt11/Z                          -       A->Z   F     INVX4          1  24.4   156   150     486    (-,-) 
  fopt10/Z                          -       A->Z   R     INVX16         4  63.9   112   107     593    (-,-) 
  fopt151426/Z                      -       A->Z   F     INVX32         7 119.6    89    87     680    (-,-) 
  g157411/Z                         -       A->Z   R     INVX16        13  95.8   134   110     790    (-,-) 
  g157413/Z                         -       A->Z   F     INVX32        14  82.6    77    78     868    (-,-) 
  g157417/Z                         -       A->Z   R     NAND2X1        2  10.5   290   186    1054    (-,-) 
  g156964/Z                         -       B->Z   F     NAND2X1        2  10.9   248   188    1241    (-,-) 
  g156967/Z                         -       A->Z   R     NAND2X1        2  10.6   300   246    1487    (-,-) 
  g156966/Z                         -       A->Z   R     AND2X1         1   7.2   182   209    1696    (-,-) 
  g183/Z                            -       A->Z   F     NAND3X1        1   6.8   160   133    1829    (-,-) 
  g155168/Z                         -       A->Z   R     NAND2X1        1   7.2   219   174    2003    (-,-) 
  g140641/Z                         -       A->Z   F     NAND3X1        1   6.8   164   139    2143    (-,-) 
  g154485/Z                         -       A->Z   R     NAND2X1        1   6.8   211   171    2314    (-,-) 
  g154484/Z                         -       A->Z   F     NAND2X1        1   8.3   172   154    2467    (-,-) 
  g58/Z                             -       S->Z   R     MUX2X1         1  10.0   247   331    2798    (-,-) 
  fopt154202/Z                      -       A->Z   F     INVX4          4  22.4   150   145    2943    (-,-) 
  g149362/Z                         -       A->Z   R     NAND2X1        1  10.0   286   205    3148    (-,-) 
  g149361/Z                         -       A->Z   F     INVX4          8  35.6   208   197    3345    (-,-) 
  g153716/Z                         -       B->Z   F     OR2X1          1   6.8   130   205    3550    (-,-) 
  g154585/Z                         -       A->Z   R     NAND2X1        1   6.8   211   159    3710    (-,-) 
  g154584/Z                         -       A->Z   F     NAND2X1        1   6.8   154   138    3848    (-,-) 
  g154583/Z                         -       A->Z   R     NAND2X1        2  10.9   298   217    4065    (-,-) 
  g20/Z                             -       A->Z   R     AND2X1         1   7.2   182   209    4274    (-,-) 
  g150203/Z                         -       A->Z   F     NAND3X1        1   6.8   157   133    4407    (-,-) 
  g148578/Z                         -       A->Z   R     NAND2X1        1   7.2   235   173    4580    (-,-) 
  g150335/Z                         -       A->Z   F     NAND3X1        1   6.4   163   138    4718    (-,-) 
  csm_inst_right_reg_reg[3]/D       -       -      F     DFFQSRX1       1     -     -     0    4718    (-,-) 
#------------------------------------------------------------------------------------------------------------

