============================================================
  Generated by:           Genus(TM) Synthesis Solution 21.15-s080_1
  Generated on:           Nov 04 2025  03:56:36 pm
  Module:                 TopModule
  Operating conditions:   PVT_1P62V_125C 
  Interconnect mode:      global
  Area mode:              timing library
============================================================

                                  Leakage  
  Gate    Instances     Area    Power (nW)       Library       
---------------------------------------------------------------
AND2X1          311    4620.465     81.408    sclib_tsmc180_ss 
BUFX1            95    1202.852     22.767    sclib_tsmc180_ss 
DFFQSRX1        400   39513.599    766.742    sclib_tsmc180_ss 
INVX1            14     115.797      1.970    sclib_tsmc180_ss 
INVX16           39    1093.092     53.887    sclib_tsmc180_ss 
INVX2           293    2423.462     57.489    sclib_tsmc180_ss 
INVX32            6     299.880     16.525    sclib_tsmc180_ss 
INVX4           326    3412.046    108.265    sclib_tsmc180_ss 
INVX8           122    2080.344     85.867    sclib_tsmc180_ss 
MUX2X1          378    8297.856    250.125    sclib_tsmc180_ss 
NAND2X1        1666   21094.226    292.872    sclib_tsmc180_ss 
NAND3X1         440    7502.880     85.769    sclib_tsmc180_ss 
NOR2X1          527    6672.663    121.567    sclib_tsmc180_ss 
OR2X1            94    1396.539     30.776    sclib_tsmc180_ss 
XOR2X1           25     603.500     21.857    sclib_tsmc180_ss 
---------------------------------------------------------------
total          4736  100329.200   1997.885                     


                                             Leakage  Leakage 
     Type      Instances    Area    Area % Power (nW) Power % 
--------------------------------------------------------------
sequential           400  39513.599   39.4    766.742    38.4 
inverter             800   9424.621    9.4    324.002    16.2 
buffer                95   1202.852    1.2     22.767     1.1 
logic               3441  50188.129   50.0    884.374    44.3 
physical_cells         0      0.000    0.0      0.000     0.0 
--------------------------------------------------------------
total               4736 100329.200  100.0   1997.885   100.0 

