============================================================
  Generated by:           Genus(TM) Synthesis Solution 21.15-s080_1
  Generated on:           Nov 04 2025  03:53:54 pm
  Module:                 TopModule
  Operating conditions:   PVT_1P62V_125C 
  Interconnect mode:      global
  Area mode:              timing library
============================================================

                                 Leakage  
  Gate    Instances    Area    Power (nW)       Library       
--------------------------------------------------------------
AND2X1          254   3773.627     66.512    sclib_tsmc180_ss 
BUFX1            44    557.110     10.545    sclib_tsmc180_ss 
DFFQSRX1        400  39513.599    766.752    sclib_tsmc180_ss 
INVX1             3     24.814      0.436    sclib_tsmc180_ss 
INVX16           29    812.812     41.170    sclib_tsmc180_ss 
INVX2           444   3672.413     86.509    sclib_tsmc180_ss 
INVX32            4    199.920      9.345    sclib_tsmc180_ss 
INVX4           291   3045.722     97.519    sclib_tsmc180_ss 
INVX8            84   1432.368     57.839    sclib_tsmc180_ss 
MUX2X1          404   8868.608    266.378    sclib_tsmc180_ss 
NAND2X1        1635  20701.716    288.099    sclib_tsmc180_ss 
NAND3X1         393   6701.436     73.978    sclib_tsmc180_ss 
NOR2X1          518   6558.709    120.115    sclib_tsmc180_ss 
OR2X1            61    906.265     20.651    sclib_tsmc180_ss 
XOR2X1           10    241.400      8.726    sclib_tsmc180_ss 
--------------------------------------------------------------
total          4574  97010.519   1914.572                     


                                            Leakage  Leakage 
     Type      Instances    Area   Area % Power (nW) Power % 
-------------------------------------------------------------
sequential           400 39513.599   40.7    766.752    40.0 
inverter             855  9188.049    9.5    292.817    15.3 
buffer                44   557.110    0.6     10.545     0.6 
logic               3275 47751.761   49.2    844.459    44.1 
physical_cells         0     0.000    0.0      0.000     0.0 
-------------------------------------------------------------
total               4574 97010.519  100.0   1914.572   100.0 

