============================================================
  Generated by:           Genus(TM) Synthesis Solution 21.15-s080_1
  Generated on:           Nov 04 2025  03:56:35 pm
  Module:                 TopModule
  Operating conditions:   PVT_1P62V_125C 
  Interconnect mode:      global
  Area mode:              timing library
============================================================

Timing
--------

Clock Period 
-------------
clk   1000.0 


  Cost    Critical               Violating 
 Group   Path Slack     TNS        Paths   
-------------------------------------------
C2C         -4078.8   -233647.1        142 
C2O        No paths         0.0            
clk        No paths         0.0            
default    No paths         0.0            
I2C        No paths         0.0            
I2O        No paths         0.0            
-------------------------------------------
Total                 -233647.1        142 

Instance Count
--------------
Leaf Instance Count             4736 
Physical Instance count            0 
Sequential Instance Count        400 
Combinational Instance Count    4336 
Hierarchical Instance Count        0 

Area
----
Cell Area                          100329.200
Physical Cell Area                 0.000
Total Cell Area (Cell+Physical)    100329.200
Net Area                           41416.664
Total Area (Cell+Physical+Net)     141745.864

Runtime                            0.0 seconds
Elapsed Runtime                    276 seconds
Genus peak memory usage            1635.94 
Innovus peak memory usage          no_value 
Hostname                           lab1-30.eng.utah.edu
