============================================================
  Generated by:           Genus(TM) Synthesis Solution 21.15-s080_1
  Generated on:           Nov 04 2025  03:53:54 pm
  Module:                 TopModule
  Operating conditions:   PVT_1P62V_125C 
  Interconnect mode:      global
  Area mode:              timing library
============================================================


Path 1: VIOLATED (-4330 ps) Setup Check with Pin csm_inst_right_reg_reg[29]/CLK->D
          Group: C2C
     Startpoint: (R) csm_inst_round_counter_reg[3]/CLK
          Clock: (R) clk
       Endpoint: (F) csm_inst_right_reg_reg[29]/D
          Clock: (R) clk

                     Capture       Launch     
        Clock Edge:+    1000            0     
       Src Latency:+       0            0     
       Net Latency:+       0 (I)        0 (I) 
           Arrival:=    1000            0     
                                              
             Setup:-     366                  
     Required Time:=     634                  
      Launch Clock:-       0                  
         Data Path:-    4964                  
             Slack:=   -4330                  

#-----------------------------------------------------------------------------------------------------------
#           Timing Point            Flags    Arc   Edge   Cell     Fanout Load Trans Delay Arrival Instance 
#                                                                         (fF)  (ps)  (ps)   (ps)  Location 
#-----------------------------------------------------------------------------------------------------------
  csm_inst_round_counter_reg[3]/CLK -       -      R     (arrival)    146    -     0     0       0    (-,-) 
  csm_inst_round_counter_reg[3]/Q   -       CLK->Q R     DFFQSRX1       1 10.0   243   336     336    (-,-) 
  g100467/Z                         -       A->Z   F     INVX4          1 24.4   156   150     486    (-,-) 
  g100466/Z                         -       A->Z   R     INVX16         3 58.3   107   102     588    (-,-) 
  g100444/Z                         -       A->Z   F     INVX16         3 48.7    78    78     666    (-,-) 
  g100432/Z                         -       A->Z   R     INVX16        16 73.4   106    90     757    (-,-) 
  g100155/Z                         -       B->Z   F     NOR2X1         3 16.5   304   208     965    (-,-) 
  g99667/Z                          -       B->Z   R     NOR2X1         2 11.7   317   263    1228    (-,-) 
  g99383/Z                          -       A->Z   F     INVX2          3 14.8   191   180    1408    (-,-) 
  g98534/Z                          -       A->Z   F     MUX2X1         2 11.0   149   348    1756    (-,-) 
  g97883/Z                          -       A->Z   R     NAND2X1        1  7.1   240   169    1925    (-,-) 
  g97648/Z                          -       B->Z   F     NAND3X1        1  6.8   163   152    2078    (-,-) 
  g97530/Z                          -       A->Z   R     NAND2X1        1  6.8   211   170    2248    (-,-) 
  g97484/Z                          -       A->Z   F     NAND2X1        1  8.3   172   153    2402    (-,-) 
  g97347/Z                          -       S->Z   R     MUX2X1         3 18.1   416   430    2831    (-,-) 
  g97295/Z                          -       A->Z   F     INVX4          4 22.3   188   176    3008    (-,-) 
  g96919/Z                          -       A->Z   R     NAND2X1        1 10.0   279   218    3226    (-,-) 
  g96820/Z                          -       A->Z   F     INVX4          5 23.5   162   155    3380    (-,-) 
  g96399__7098/Z                    -       A->Z   R     NAND2X1        1  6.8   226   170    3550    (-,-) 
  g96319__6417/Z                    -       A->Z   F     NAND2X1        1  6.8   159   141    3691    (-,-) 
  g96061__5107/Z                    -       A->Z   R     NAND2X1        1  6.8   238   169    3860    (-,-) 
  g95837__7098/Z                    -       A->Z   R     AND2X1         1  7.2   182   203    4063    (-,-) 
  g95761__2346/Z                    -       A->Z   F     NAND3X1        1  7.1   164   136    4199    (-,-) 
  g95712__3680/Z                    -       B->Z   R     NOR2X1         1  8.3   229   182    4381    (-,-) 
  g95594__2802/Z                    -       S->Z   F     MUX2X1         1  6.8   114   289    4670    (-,-) 
  g95568__5122/Z                    -       A->Z   R     NAND2X1        1  7.2   220   158    4828    (-,-) 
  g95554__7410/Z                    -       A->Z   F     NAND3X1        1  6.4   165   135    4964    (-,-) 
  csm_inst_right_reg_reg[29]/D      -       -      F     DFFQSRX1       1    -     -     0    4964    (-,-) 
#-----------------------------------------------------------------------------------------------------------

