============================================================
  Generated by:           Genus(TM) Synthesis Solution 21.15-s080_1
  Generated on:           Nov 04 2025  03:56:36 pm
  Module:                 TopModule
  Operating conditions:   PVT_1P62V_125C 
  Interconnect mode:      global
  Area mode:              timing library
============================================================


Path 1: VIOLATED (-4079 ps) Setup Check with Pin csm_inst_right_reg_reg[14]/CLK->D
          Group: C2C
     Startpoint: (R) csm_inst_round_counter_reg[3]/CLK
          Clock: (R) clk
       Endpoint: (R) csm_inst_right_reg_reg[14]/D
          Clock: (R) clk

                     Capture       Launch     
        Clock Edge:+    1000            0     
       Src Latency:+       0            0     
       Net Latency:+       0 (I)        0 (I) 
           Arrival:=    1000            0     
                                              
             Setup:-     338                  
     Required Time:=     662                  
      Launch Clock:-       0                  
         Data Path:-    4740                  
             Slack:=   -4079                  

#------------------------------------------------------------------------------------------------------------
#           Timing Point            Flags    Arc   Edge   Cell     Fanout  Load Trans Delay Arrival Instance 
#                                                                          (fF)  (ps)  (ps)   (ps)  Location 
#------------------------------------------------------------------------------------------------------------
  csm_inst_round_counter_reg[3]/CLK -       -      R     (arrival)    146     -     0     0       0    (-,-) 
  csm_inst_round_counter_reg[3]/Q   -       CLK->Q R     DFFQSRX1       1  10.0   243   336     336    (-,-) 
  g100467/Z                         -       A->Z   F     INVX4          1  24.4   156   150     486    (-,-) 
  g110607/Z                         -       A->Z   R     INVX16         3  58.3   107   102     588    (-,-) 
  g110606/Z                         -       A->Z   F     INVX16         3  77.5   106    98     687    (-,-) 
  g110878/Z                         -       A->Z   R     INVX32        20 106.0    89    84     770    (-,-) 
  g110880/Z                         -       A->Z   F     INVX16         9  59.1    84    81     852    (-,-) 
  g110889/Z                         -       A->Z   R     NAND2X1        3  14.8   390   240    1092    (-,-) 
  g103965/Z                         -       B->Z   F     NAND2X1        4  18.9   334   281    1373    (-,-) 
  g103856/Z                         -       B->Z   F     MUX2X1         2  10.9   148   377    1751    (-,-) 
  g103855/Z                         -       A->Z   R     NAND2X1        1   7.1   218   169    1920    (-,-) 
  g103854/Z                         -       B->Z   F     NAND3X1        1   6.8   162   150    2069    (-,-) 
  g106104/Z                         -       A->Z   R     NAND2X1        1   6.8   211   170    2239    (-,-) 
  g151/Z                            -       A->Z   F     NAND2X1        1   8.3   172   154    2393    (-,-) 
  g108931/Z                         -       S->Z   R     MUX2X1         1  10.0   246   331    2724    (-,-) 
  g108930/Z                         -       A->Z   F     INVX4          2  19.0   138   134    2858    (-,-) 
  g112695/Z                         -       A->Z   R     NAND2X1        1  10.0   279   201    3058    (-,-) 
  fopt112694/Z                      -       A->Z   F     INVX4          8  36.3   209   197    3256    (-,-) 
  g112699/Z                         -       A->Z   R     NAND2X1        1   6.8   211   185    3441    (-,-) 
  g105961/Z                         -       A->Z   F     NAND2X1        2  10.9   214   177    3618    (-,-) 
  g1034/Z                           -       A->Z   R     NAND2X1        1   6.7   210   186    3804    (-,-) 
  g1026/Z                           -       B->Z   F     NAND2X1        1   7.1   159   141    3944    (-,-) 
  g1021/Z                           -       B->Z   R     NOR2X1         1   6.8   200   162    4106    (-,-) 
  g1318/Z                           -       A->Z   F     NAND2X1        1   6.8   151   136    4242    (-,-) 
  g1312/Z                           -       A->Z   R     NAND2X1        1   7.2   232   171    4414    (-,-) 
  g1303/Z                           -       A->Z   F     NAND3X1        1   6.7   166   140    4554    (-,-) 
  g103256/Z                         -       B->Z   R     NAND2X1        1   6.4   204   186    4740    (-,-) 
  csm_inst_right_reg_reg[14]/D      -       -      R     DFFQSRX1       1     -     -     0    4740    (-,-) 
#------------------------------------------------------------------------------------------------------------

