============================================================
  Generated by:           Genus(TM) Synthesis Solution 21.15-s080_1
  Generated on:           Nov 04 2025  04:27:51 pm
  Module:                 TopModule
  Operating conditions:   PVT_1P62V_125C 
  Interconnect mode:      global
  Area mode:              timing library
============================================================

                                  Leakage  
  Gate    Instances     Area    Power (nW)       Library       
---------------------------------------------------------------
AND2X1          354    5259.307     93.094    sclib_tsmc180_ss 
BUFX1            76     962.282     18.214    sclib_tsmc180_ss 
DFFQSRX1        533   52651.870   1015.552    sclib_tsmc180_ss 
INVX1            25     206.780      2.915    sclib_tsmc180_ss 
INVX16           31     868.868     44.704    sclib_tsmc180_ss 
INVX2           304    2514.445     59.652    sclib_tsmc180_ss 
INVX32           15     749.700     41.681    sclib_tsmc180_ss 
INVX4           324    3391.114    111.228    sclib_tsmc180_ss 
INVX8           105    1790.460     73.698    sclib_tsmc180_ss 
MUX2X1          559   12271.168    345.623    sclib_tsmc180_ss 
NAND2X1        1793   22702.249    322.772    sclib_tsmc180_ss 
NAND3X1         478    8150.856     94.204    sclib_tsmc180_ss 
NOR2X1          403    5102.625     83.068    sclib_tsmc180_ss 
OR2X1            83    1233.114     27.558    sclib_tsmc180_ss 
XOR2X1           32     772.480     27.409    sclib_tsmc180_ss 
---------------------------------------------------------------
total          5115  118627.318   2361.373                     


                                             Leakage  Leakage 
     Type      Instances    Area    Area % Power (nW) Power % 
--------------------------------------------------------------
sequential           533  52651.870   44.4   1015.552    43.0 
inverter             804   9521.366    8.0    333.878    14.1 
buffer                76    962.282    0.8     18.214     0.8 
logic               3702  55491.799   46.8    993.729    42.1 
physical_cells         0      0.000    0.0      0.000     0.0 
--------------------------------------------------------------
total               5115 118627.318  100.0   2361.373   100.0 

