============================================================
  Generated by:           Genus(TM) Synthesis Solution 21.15-s080_1
  Generated on:           Nov 04 2025  04:27:51 pm
  Module:                 TopModule
  Operating conditions:   PVT_1P62V_125C 
  Interconnect mode:      global
  Area mode:              timing library
============================================================

Timing
--------

Clock Period 
-------------
clk   1000.0 


  Cost    Critical               Violating 
 Group   Path Slack     TNS        Paths   
-------------------------------------------
C2C         -4090.1   -379829.2        331 
C2O        No paths         0.0            
clk        No paths         0.0            
default    No paths         0.0            
I2C        No paths         0.0            
I2O        No paths         0.0            
-------------------------------------------
Total                 -379829.2        331 

Instance Count
--------------
Leaf Instance Count             5115 
Physical Instance count            0 
Sequential Instance Count        533 
Combinational Instance Count    4582 
Hierarchical Instance Count        0 

Area
----
Cell Area                          118627.318
Physical Cell Area                 0.000
Total Cell Area (Cell+Physical)    118627.318
Net Area                           45170.992
Total Area (Cell+Physical+Net)     163798.310

Runtime                            0.0 seconds
Elapsed Runtime                    249 seconds
Genus peak memory usage            1677.17 
Innovus peak memory usage          no_value 
Hostname                           lab1-30.eng.utah.edu
