============================================================
  Generated by:           Genus(TM) Synthesis Solution 21.15-s080_1
  Generated on:           Nov 04 2025  04:25:15 pm
  Module:                 TopModule
  Operating conditions:   PVT_1P62V_125C 
  Interconnect mode:      global
  Area mode:              timing library
============================================================

Timing
--------

Clock Period 
-------------
clk   1000.0 


  Cost    Critical               Violating 
 Group   Path Slack     TNS        Paths   
-------------------------------------------
C2C         -5309.5   -463176.7        331 
C2O        No paths         0.0            
clk        No paths         0.0            
default    No paths         0.0            
I2C        No paths         0.0            
I2O        No paths         0.0            
-------------------------------------------
Total                 -463176.7        331 

Instance Count
--------------
Leaf Instance Count             5459 
Physical Instance count            0 
Sequential Instance Count        533 
Combinational Instance Count    4926 
Hierarchical Instance Count        0 

Area
----
Cell Area                          149316.571
Physical Cell Area                 0.000
Total Cell Area (Cell+Physical)    149316.571
Net Area                           6.086
Total Area (Cell+Physical+Net)     149322.657

Runtime                            0.0 seconds
Elapsed Runtime                    93 seconds
Genus peak memory usage            1677.18 
Innovus peak memory usage          no_value 
Hostname                           lab1-30.eng.utah.edu
