============================================================
  Generated by:           Genus(TM) Synthesis Solution 21.15-s080_1
  Generated on:           Nov 04 2025  04:26:01 pm
  Module:                 TopModule
  Operating conditions:   PVT_1P62V_125C 
  Interconnect mode:      global
  Area mode:              timing library
============================================================

Timing
--------

Clock Period 
-------------
clk   1000.0 


  Cost    Critical               Violating 
 Group   Path Slack     TNS        Paths   
-------------------------------------------
C2C         -4335.1   -425140.9        331 
C2O        No paths         0.0            
clk        No paths         0.0            
default    No paths         0.0            
I2C        No paths         0.0            
I2O        No paths         0.0            
-------------------------------------------
Total                 -425140.9        331 

Instance Count
--------------
Leaf Instance Count             5835 
Physical Instance count            0 
Sequential Instance Count        533 
Combinational Instance Count    5302 
Hierarchical Instance Count        0 

Area
----
Cell Area                          122769.782
Physical Cell Area                 0.000
Total Cell Area (Cell+Physical)    122769.782
Net Area                           49217.248
Total Area (Cell+Physical+Net)     171987.030

Runtime                            0.0 seconds
Elapsed Runtime                    139 seconds
Genus peak memory usage            1677.35 
Innovus peak memory usage          no_value 
Hostname                           lab1-30.eng.utah.edu
