============================================================
  Generated by:           Genus(TM) Synthesis Solution 21.15-s080_1
  Generated on:           Nov 04 2025  04:26:01 pm
  Module:                 TopModule
  Operating conditions:   PVT_1P62V_125C 
  Interconnect mode:      global
  Area mode:              timing library
============================================================

                                  Leakage  
  Gate    Instances     Area    Power (nW)       Library       
---------------------------------------------------------------
AND2X1          360    5348.448     94.654    sclib_tsmc180_ss 
BUFX1           162    2051.179     38.824    sclib_tsmc180_ss 
DFFQSRX1        533   52651.870   1015.488    sclib_tsmc180_ss 
INVX1            10      82.712      0.876    sclib_tsmc180_ss 
INVX16           12     336.336     16.223    sclib_tsmc180_ss 
INVX2          1122    9280.286    214.999    sclib_tsmc180_ss 
INVX4           310    3244.584    103.142    sclib_tsmc180_ss 
INVX8            56     954.912     39.233    sclib_tsmc180_ss 
MUX2X1          568   12468.736    351.694    sclib_tsmc180_ss 
NAND2X1        1789   22651.602    320.707    sclib_tsmc180_ss 
NAND3X1         428    7298.256     84.327    sclib_tsmc180_ss 
NOR2X1          430    5444.488     90.542    sclib_tsmc180_ss 
OR2X1            40     594.272     12.952    sclib_tsmc180_ss 
XOR2X1           15     362.100     12.745    sclib_tsmc180_ss 
---------------------------------------------------------------
total          5835  122769.782   2396.405                     


                                             Leakage  Leakage 
     Type      Instances    Area    Area % Power (nW) Power % 
--------------------------------------------------------------
sequential           533  52651.870   42.9   1015.488    42.4 
inverter            1510  13898.830   11.3    374.472    15.6 
buffer               162   2051.179    1.7     38.824     1.6 
logic               3630  54167.902   44.1    967.621    40.4 
physical_cells         0      0.000    0.0      0.000     0.0 
--------------------------------------------------------------
total               5835 122769.782  100.0   2396.405   100.0 

