============================================================
  Generated by:           Genus(TM) Synthesis Solution 21.15-s080_1
  Generated on:           Nov 04 2025  04:23:51 pm
  Module:                 TopModule
  Operating conditions:   PVT_1P62V_125C 
  Interconnect mode:      global
  Area mode:              timing library
============================================================

Some unconstrained paths have not been displayed.
Use -unconstrained or set the root attribute 'timing_report_unconstrained' to 'true' to see only these unconstrained paths.

============================================================
  Generated by:           Genus(TM) Synthesis Solution 21.15-s080_1
  Generated on:           Nov 04 2025  04:23:51 pm
  Module:                 TopModule
  Operating conditions:   PVT_1P62V_125C 
  Interconnect mode:      global
  Area mode:              timing library
============================================================

No paths found

============================================================
  Generated by:           Genus(TM) Synthesis Solution 21.15-s080_1
  Generated on:           Nov 04 2025  04:23:51 pm
  Module:                 TopModule
  Operating conditions:   PVT_1P62V_125C 
  Interconnect mode:      global
  Area mode:              timing library
============================================================

No paths found

============================================================
  Generated by:           Genus(TM) Synthesis Solution 21.15-s080_1
  Generated on:           Nov 04 2025  04:23:51 pm
  Module:                 TopModule
  Operating conditions:   PVT_1P62V_125C 
  Interconnect mode:      global
  Area mode:              timing library
============================================================

No paths found

============================================================
  Generated by:           Genus(TM) Synthesis Solution 21.15-s080_1
  Generated on:           Nov 04 2025  04:23:51 pm
  Module:                 TopModule
  Operating conditions:   PVT_1P62V_125C 
  Interconnect mode:      global
  Area mode:              timing library
============================================================


Path 1: VIOLATED (-12733 ps) Setup Check with Pin csm_inst/right_reg_reg[31]/clk->d
          Group: C2C
     Startpoint: (R) key_reg_reg[20]/clk
          Clock: (R) clk
       Endpoint: (R) csm_inst/right_reg_reg[31]/d
          Clock: (R) clk

                     Capture       Launch     
        Clock Edge:+    1000            0     
       Src Latency:+       0            0     
       Net Latency:+       0 (I)        0 (I) 
           Arrival:=    1000            0     
                                              
             Setup:-     339                  
     Required Time:=     661                  
      Launch Clock:-       0                  
         Data Path:-   13394                  
             Slack:=  -12733                  

#------------------------------------------------------------------------------------------------------------------------------------------
#                     Timing Point                       Flags     Arc     Edge      Cell        Fanout  Load Trans Delay Arrival Instance 
#                                                                                                        (fF)  (ps)  (ps)   (ps)  Location 
#------------------------------------------------------------------------------------------------------------------------------------------
  key_reg_reg[20]/clk                                    -       -         R     (arrival)          343     -     0     0       0    (-,-) 
  key_reg_reg[20]/q                                      (u)     clk->q    R     unmapped_d_flop      2   7.6     0   481     481    (-,-) 
  csm_inst/keygen_inst/ls_c1/mux_37_18/g3/z              (u)     data1->z  R     unmapped_bmux3       4  15.2     0   442     923    (-,-) 
  csm_inst/keygen_inst/ls_c2/mux_37_18/g4/z              (u)     data1->z  R     unmapped_bmux3       2   7.6     0   380    1303    (-,-) 
  csm_inst/keygen_inst/ls_c3/mux_37_18/g6/z              (u)     data0->z  R     unmapped_bmux3       4  15.2     0   442    1746    (-,-) 
  csm_inst/keygen_inst/ls_c4/mux_37_18/g8/z              (u)     data0->z  R     unmapped_bmux3       4  15.2     0   442    2188    (-,-) 
  csm_inst/keygen_inst/ls_c5/mux_37_18/g10/z             (u)     data0->z  R     unmapped_bmux3       4  15.2     0   442    2631    (-,-) 
  csm_inst/keygen_inst/ls_c6/mux_37_18/g12/z             (u)     data0->z  R     unmapped_bmux3       4  15.2     0   442    3073    (-,-) 
  csm_inst/keygen_inst/ls_c7/mux_37_18/g14/z             (u)     data0->z  R     unmapped_bmux3       4  15.2     0   442    3515    (-,-) 
  csm_inst/keygen_inst/ls_c8/mux_37_18/g16/z             (u)     data0->z  R     unmapped_bmux3       4  15.2     0   442    3958    (-,-) 
  csm_inst/keygen_inst/ls_c9/mux_37_18/g17/z             (u)     data1->z  R     unmapped_bmux3       4  15.2     0   442    4400    (-,-) 
  csm_inst/keygen_inst/ls_c10/mux_37_18/g19/z            (u)     data0->z  R     unmapped_bmux3       4  15.2     0   442    4843    (-,-) 
  csm_inst/keygen_inst/ls_c11/mux_37_18/g21/z            (u)     data0->z  R     unmapped_bmux3       4  15.2     0   442    5285    (-,-) 
  csm_inst/keygen_inst/ls_c12/mux_37_18/g23/z            (u)     data0->z  R     unmapped_bmux3       4  15.2     0   442    5727    (-,-) 
  csm_inst/keygen_inst/ls_c13/mux_37_18/g25/z            (u)     data0->z  R     unmapped_bmux3       4  15.2     0   442    6170    (-,-) 
  csm_inst/keygen_inst/ls_c14/mux_37_18/g27/z            (u)     data0->z  R     unmapped_bmux3       4  15.2     0   442    6612    (-,-) 
  csm_inst/keygen_inst/ls_c15/mux_37_18/g1/z             (u)     data0->z  R     unmapped_bmux3       4  15.2     0   442    7055    (-,-) 
  csm_inst/keygen_inst/ls_c16/mux_37_18/g2/z             (u)     data1->z  R     unmapped_bmux3       2   7.6     0   380    7435    (-,-) 
  csm_inst/mux_87_37/g21/z                               (u)     data0->z  R     unmapped_bmux3       1   3.8     0   312    7746    (-,-) 
  csm_inst/mux_current_subkey_71_15/g21/z                (u)     data15->z R     unmapped_bmux20      1   3.8     0   962    8708    (-,-) 
  csm_inst/f_inst/g1/g28/z                               (u)     in_1->z   F     unmapped_xor2        9  34.2     0   502    9210    (-,-) 
  csm_inst/f_inst/sbox_inst/sbox4/ctl_4_29/g195/z        (u)     in_0->z   R     unmapped_not         8  30.4     0   303    9513    (-,-) 
  csm_inst/f_inst/sbox_inst/sbox4/ctl_4_29/g157/z        (u)     in_2->z   F     unmapped_nand4       4  15.2     0   550   10063    (-,-) 
  csm_inst/f_inst/sbox_inst/sbox4/ctl_4_29/g168/z        (u)     in_1->z   R     unmapped_nor2       32 121.6     0   489   10552    (-,-) 
  csm_inst/f_inst/sbox_inst/sbox4/mux_cmbsop__4_29/g16/z (u)     sel55->z  R     unmapped_mux128      1   3.8     0  1494   12047    (-,-) 
  csm_inst/f_inst/sbox_inst/sbox4/mux_s_out_173_17/g4/z  (u)     data3->z  R     unmapped_bmux11      1   3.8     0   745   12792    (-,-) 
  csm_inst/g1/g32/z                                      (u)     in_1->z   R     unmapped_xor2        1   3.8     0   312   13103    (-,-) 
  csm_inst/mux_right_reg_104_19/g1/z                     (u)     data1->z  R     unmapped_mux4        1   3.8     0   290   13394    (-,-) 
  csm_inst/right_reg_reg[31]/d                           -       -         R     unmapped_d_flop      1     -     -     0   13394    (-,-) 
#------------------------------------------------------------------------------------------------------------------------------------------

(u) : Net has unmapped pin(s).

============================================================
  Generated by:           Genus(TM) Synthesis Solution 21.15-s080_1
  Generated on:           Nov 04 2025  04:23:51 pm
  Module:                 TopModule
  Operating conditions:   PVT_1P62V_125C 
  Interconnect mode:      global
  Area mode:              timing library
============================================================

No paths found

