============================================================
  Generated by:           Genus(TM) Synthesis Solution 21.15-s080_1
  Generated on:           Nov 04 2025  04:26:02 pm
  Module:                 TopModule
  Operating conditions:   PVT_1P62V_125C 
  Interconnect mode:      global
  Area mode:              timing library
============================================================


Path 1: VIOLATED (-4335 ps) Setup Check with Pin csm_inst_right_reg_reg[16]/CLK->D
          Group: C2C
     Startpoint: (R) csm_inst_round_counter_reg[3]/CLK
          Clock: (R) clk
       Endpoint: (F) csm_inst_right_reg_reg[16]/D
          Clock: (R) clk

                     Capture       Launch     
        Clock Edge:+    1000            0     
       Src Latency:+       0            0     
       Net Latency:+       0 (I)        0 (I) 
           Arrival:=    1000            0     
                                              
             Setup:-     365                  
     Required Time:=     635                  
      Launch Clock:-       0                  
         Data Path:-    4970                  
             Slack:=   -4335                  

#-----------------------------------------------------------------------------------------------------------
#           Timing Point            Flags    Arc   Edge   Cell     Fanout Load Trans Delay Arrival Instance 
#                                                                         (fF)  (ps)  (ps)   (ps)  Location 
#-----------------------------------------------------------------------------------------------------------
  csm_inst_round_counter_reg[3]/CLK -       -      R     (arrival)    335    -     0     0       0    (-,-) 
  csm_inst_round_counter_reg[3]/Q   -       CLK->Q F     DFFQSRX1       1 10.0   173   283     283    (-,-) 
  g140350/Z                         -       A->Z   R     INVX4          2 22.2   147   137     420    (-,-) 
  g140349/Z                         -       A->Z   F     INVX8          2 36.6   111   108     529    (-,-) 
  g140332/Z                         -       A->Z   R     INVX8          2 46.2   136   116     645    (-,-) 
  g140331/Z                         -       A->Z   F     INVX16        19 88.2   122   114     758    (-,-) 
  g140330/Z                         -       A->Z   R     INVX2          2 12.2   155   132     890    (-,-) 
  g140329/Z                         -       A->Z   F     INVX2          2 14.0   148   136    1026    (-,-) 
  g139714/Z                         -       S->Z   R     MUX2X1         3 14.6   341   380    1406    (-,-) 
  g138791/Z                         -       A->Z   F     NAND2X1        1  7.2   189   165    1571    (-,-) 
  g138031/Z                         -       A->Z   R     NAND3X1        1  6.8   271   193    1765    (-,-) 
  g137591/Z                         -       A->Z   R     AND2X1         1  6.8   174   201    1966    (-,-) 
  g137423/Z                         -       A->Z   F     NAND2X1        1  7.2   161   135    2101    (-,-) 
  g137146/Z                         -       A->Z   R     NAND3X1        1  6.8   271   184    2284    (-,-) 
  g137043/Z                         -       A->Z   F     NAND2X1        1  7.2   173   153    2437    (-,-) 
  g136872/Z                         -       A->Z   R     NAND3X1        1  8.3   304   206    2643    (-,-) 
  g136438/Z                         -       S->Z   R     MUX2X1         1 10.0   247   276    2919    (-,-) 
  g136389/Z                         -       A->Z   F     INVX4          4 25.3   161   154    3073    (-,-) 
  g136382/Z                         -       A->Z   R     INVX4          2 20.3   136   127    3200    (-,-) 
  g135861/Z                         -       B->Z   R     XOR2X1         4 23.0   518   430    3630    (-,-) 
  g135748/Z                         -       A->Z   F     INVX4          2 12.5   158   142    3772    (-,-) 
  g135484__1705/Z                   -       A->Z   R     NAND2X1        1  7.1   217   172    3944    (-,-) 
  g135260__6260/Z                   -       B->Z   F     NAND3X1        1  6.8   162   149    4094    (-,-) 
  g135091__5115/Z                   -       A->Z   R     NAND2X1        1  6.8   211   170    4264    (-,-) 
  g135081__1666/Z                   -       A->Z   F     NAND2X1        2 11.8   220   185    4448    (-,-) 
  g135006__7098/Z                   -       A->Z   R     NAND2X1        1  6.8   238   189    4637    (-,-) 
  g134965__9945/Z                   -       A->Z   R     AND2X1         1  7.2   182   203    4841    (-,-) 
  g134913__1705/Z                   -       A->Z   F     NAND3X1        1  6.4   164   129    4970    (-,-) 
  csm_inst_right_reg_reg[16]/D      -       -      F     DFFQSRX1       1    -     -     0    4970    (-,-) 
#-----------------------------------------------------------------------------------------------------------

