============================================================
  Generated by:           Genus(TM) Synthesis Solution 21.15-s080_1
  Generated on:           Nov 04 2025  04:27:51 pm
  Module:                 TopModule
  Operating conditions:   PVT_1P62V_125C 
  Interconnect mode:      global
  Area mode:              timing library
============================================================


Path 1: VIOLATED (-4090 ps) Setup Check with Pin csm_inst_right_reg_reg[10]/CLK->D
          Group: C2C
     Startpoint: (R) csm_inst_round_counter_reg[3]/CLK
          Clock: (R) clk
       Endpoint: (F) csm_inst_right_reg_reg[10]/D
          Clock: (R) clk

                     Capture       Launch     
        Clock Edge:+    1000            0     
       Src Latency:+       0            0     
       Net Latency:+       0 (I)        0 (I) 
           Arrival:=    1000            0     
                                              
             Setup:-     364                  
     Required Time:=     636                  
      Launch Clock:-       0                  
         Data Path:-    4726                  
             Slack:=   -4090                  

#------------------------------------------------------------------------------------------------------------
#           Timing Point            Flags    Arc   Edge   Cell     Fanout  Load Trans Delay Arrival Instance 
#                                                                          (fF)  (ps)  (ps)   (ps)  Location 
#------------------------------------------------------------------------------------------------------------
  csm_inst_round_counter_reg[3]/CLK -       -      R     (arrival)    335     -     0     0       0    (-,-) 
  csm_inst_round_counter_reg[3]/Q   -       CLK->Q R     DFFQSRX1       1  10.0   243   336     336    (-,-) 
  g140350/Z                         -       A->Z   F     INVX4          1  24.4   156   150     486    (-,-) 
  g143147/Z                         -       A->Z   R     INVX16         3  58.3   107   102     588    (-,-) 
  g151579/Z                         -       A->Z   F     INVX16         3  77.5   106    98     687    (-,-) 
  g143145/Z                         -       A->Z   R     INVX32        26 150.8   112   100     787    (-,-) 
  g141828/Z                         -       B->Z   F     NOR2X1         1  10.0   209   153     940    (-,-) 
  g139766/Z                         -       A->Z   R     INVX4          2  14.2   122   118    1059    (-,-) 
  g139765/Z                         -       A->Z   F     INVX4          2  11.6    81    82    1141    (-,-) 
  g149024/Z                         -       B->Z   R     NOR2X1         1  10.0   266   178    1318    (-,-) 
  g149023/Z                         -       A->Z   F     INVX4          4  19.1   142   138    1456    (-,-) 
  g149027/Z                         -       A->Z   R     NAND2X1        1   7.2   220   168    1624    (-,-) 
  g148927/Z                         -       A->Z   F     NAND3X1        2  11.0   220   178    1802    (-,-) 
  g148928/Z                         -       A->Z   R     NAND2X1        1   7.2   220   194    1996    (-,-) 
  g137390/Z                         -       A->Z   F     NAND3X1        1   6.8   164   139    2135    (-,-) 
  g148622/Z                         -       A->Z   R     NAND2X1        1   6.7   210   170    2305    (-,-) 
  g148620/Z                         -       B->Z   F     NAND2X1        1   8.3   170   152    2457    (-,-) 
  g142671/Z                         -       A->Z   R     XOR2X1         1  14.8   344   366    2823    (-,-) 
  g143430/Z                         -       A->Z   F     INVX8          6  42.0   166   157    2980    (-,-) 
  g143432/Z                         -       A->Z   R     INVX4          1   6.7    81    80    3060    (-,-) 
  g149600/Z                         -       A->Z   R     MUX2X1         3  15.4   358   326    3386    (-,-) 
  fopt150017/Z                      -       A->Z   F     INVX2          2  11.0   173   161    3547    (-,-) 
  g135738__149604/Z                 -       A->Z   R     NAND2X1        1   6.7   210   172    3720    (-,-) 
  g135425__141541/Z                 -       B->Z   F     NAND2X1        2  11.0   209   176    3896    (-,-) 
  g148075/Z                         -       A->Z   F     AND2X1         1   7.1   131   210    4106    (-,-) 
  g148393/Z                         -       A->Z   R     NOR2X1         1   6.8   205   174    4281    (-,-) 
  g149338/Z                         -       A->Z   F     NAND2X1        1   6.8   152   137    4418    (-,-) 
  g149337/Z                         -       A->Z   R     NAND2X1        1   7.2   226   172    4589    (-,-) 
  g149336/Z                         -       A->Z   F     NAND3X1        1   6.4   161   136    4726    (-,-) 
  csm_inst_right_reg_reg[10]/D      -       -      F     DFFQSRX1       1     -     -     0    4726    (-,-) 
#------------------------------------------------------------------------------------------------------------

